<?xml version="1.0" encoding="UTF-8" ?>
<testsuite tests="20" failures="0" name="TestSuite" time="283.284" errors="0" skipped="0">
  <properties>
    <property name="java.runtime.name" value="Java(TM) SE Runtime Environment"/>
    <property name="sun.boot.library.path" value="C:\Program Files\Java\jdk1.8.0_91\jre\bin"/>
    <property name="java.vm.version" value="25.91-b14"/>
    <property name="java.vm.vendor" value="Oracle Corporation"/>
    <property name="java.vendor.url" value="http://java.oracle.com/"/>
    <property name="path.separator" value=";"/>
    <property name="java.vm.name" value="Java HotSpot(TM) 64-Bit Server VM"/>
    <property name="file.encoding.pkg" value="sun.io"/>
    <property name="user.script" value=""/>
    <property name="user.country" value="CN"/>
    <property name="sun.java.launcher" value="SUN_STANDARD"/>
    <property name="sun.os.patch.level" value=""/>
    <property name="java.vm.specification.name" value="Java Virtual Machine Specification"/>
    <property name="user.dir" value="E:\zidonghua\escshop"/>
    <property name="java.runtime.version" value="1.8.0_91-b14"/>
    <property name="java.awt.graphicsenv" value="sun.awt.Win32GraphicsEnvironment"/>
    <property name="basedir" value="E:\zidonghua\escshop"/>
    <property name="java.endorsed.dirs" value="C:\Program Files\Java\jdk1.8.0_91\jre\lib\endorsed"/>
    <property name="os.arch" value="amd64"/>
    <property name="surefire.real.class.path" value="C:\Users\Administrator\AppData\Local\Temp\surefirebooter840486353246208086.jar"/>
    <property name="java.io.tmpdir" value="C:\Users\Administrator\AppData\Local\Temp\"/>
    <property name="line.separator" value="
"/>
    <property name="java.vm.specification.vendor" value="Oracle Corporation"/>
    <property name="user.variant" value=""/>
    <property name="os.name" value="Windows 10"/>
    <property name="sun.jnu.encoding" value="GBK"/>
    <property name="jnidispatch.path" value="C:\Users\Administrator\AppData\Local\Temp\jna-146731693\jna7859815820596053789.dll"/>
    <property name="java.library.path" value="C:\Program Files\Java\jdk1.8.0_91\jre\bin;C:\windows\Sun\Java\bin;C:\windows\system32;C:\windows;C:\Program Files (x86)\Common Files\NetSarang;C:\ProgramData\Oracle\Java\javapath;C:\windows\system32;C:\windows;C:\windows\System32\Wbem;C:\windows\System32\WindowsPowerShell\v1.0\;C:\Program Files\Java\jdk1.8.0_91\bin;C:\strawberry\c\bin;C:\strawberry\perl\bin;E:\zidonghua\maven-3.0.5\bin;C:\Users\Administrator\AppData\Local\Microsoft\WindowsApps;;."/>
    <property name="surefire.test.class.path" value="E:\zidonghua\escshop\target\test-classes;E:\zidonghua\escshop\target\classes;E:\zidonghua\cangku\org\seleniumhq\selenium\selenium-java\2.48.2\selenium-java-2.48.2.jar;E:\zidonghua\cangku\org\seleniumhq\selenium\selenium-chrome-driver\2.48.2\selenium-chrome-driver-2.48.2.jar;E:\zidonghua\cangku\org\seleniumhq\selenium\selenium-remote-driver\2.48.2\selenium-remote-driver-2.48.2.jar;E:\zidonghua\cangku\cglib\cglib-nodep\2.1_3\cglib-nodep-2.1_3.jar;E:\zidonghua\cangku\com\google\code\gson\gson\2.3.1\gson-2.3.1.jar;E:\zidonghua\cangku\org\seleniumhq\selenium\selenium-api\2.48.2\selenium-api-2.48.2.jar;E:\zidonghua\cangku\com\google\guava\guava\18.0\guava-18.0.jar;E:\zidonghua\cangku\org\seleniumhq\selenium\selenium-edge-driver\2.48.2\selenium-edge-driver-2.48.2.jar;E:\zidonghua\cangku\commons-io\commons-io\2.4\commons-io-2.4.jar;E:\zidonghua\cangku\org\apache\commons\commons-exec\1.3\commons-exec-1.3.jar;E:\zidonghua\cangku\org\seleniumhq\selenium\selenium-htmlunit-driver\2.48.2\selenium-htmlunit-driver-2.48.2.jar;E:\zidonghua\cangku\net\sourceforge\htmlunit\htmlunit\2.18\htmlunit-2.18.jar;E:\zidonghua\cangku\xalan\xalan\2.7.2\xalan-2.7.2.jar;E:\zidonghua\cangku\xalan\serializer\2.7.2\serializer-2.7.2.jar;E:\zidonghua\cangku\commons-collections\commons-collections\3.2.1\commons-collections-3.2.1.jar;E:\zidonghua\cangku\org\apache\commons\commons-lang3\3.4\commons-lang3-3.4.jar;E:\zidonghua\cangku\org\apache\httpcomponents\httpmime\4.5\httpmime-4.5.jar;E:\zidonghua\cangku\commons-codec\commons-codec\1.10\commons-codec-1.10.jar;E:\zidonghua\cangku\net\sourceforge\htmlunit\htmlunit-core-js\2.17\htmlunit-core-js-2.17.jar;E:\zidonghua\cangku\xerces\xercesImpl\2.11.0\xercesImpl-2.11.0.jar;E:\zidonghua\cangku\xml-apis\xml-apis\1.4.01\xml-apis-1.4.01.jar;E:\zidonghua\cangku\net\sourceforge\nekohtml\nekohtml\1.9.22\nekohtml-1.9.22.jar;E:\zidonghua\cangku\net\sourceforge\cssparser\cssparser\0.9.16\cssparser-0.9.16.jar;E:\zidonghua\cangku\org\w3c\css\sac\1.3\sac-1.3.jar;E:\zidonghua\cangku\commons-logging\commons-logging\1.2\commons-logging-1.2.jar;E:\zidonghua\cangku\org\eclipse\jetty\websocket\websocket-client\9.2.12.v20150709\websocket-client-9.2.12.v20150709.jar;E:\zidonghua\cangku\org\eclipse\jetty\jetty-util\9.2.12.v20150709\jetty-util-9.2.12.v20150709.jar;E:\zidonghua\cangku\org\eclipse\jetty\jetty-io\9.2.12.v20150709\jetty-io-9.2.12.v20150709.jar;E:\zidonghua\cangku\org\eclipse\jetty\websocket\websocket-common\9.2.12.v20150709\websocket-common-9.2.12.v20150709.jar;E:\zidonghua\cangku\org\eclipse\jetty\websocket\websocket-api\9.2.12.v20150709\websocket-api-9.2.12.v20150709.jar;E:\zidonghua\cangku\org\apache\httpcomponents\httpclient\4.5.1\httpclient-4.5.1.jar;E:\zidonghua\cangku\org\apache\httpcomponents\httpcore\4.4.3\httpcore-4.4.3.jar;E:\zidonghua\cangku\org\seleniumhq\selenium\selenium-firefox-driver\2.48.2\selenium-firefox-driver-2.48.2.jar;E:\zidonghua\cangku\org\seleniumhq\selenium\selenium-ie-driver\2.48.2\selenium-ie-driver-2.48.2.jar;E:\zidonghua\cangku\net\java\dev\jna\jna\4.1.0\jna-4.1.0.jar;E:\zidonghua\cangku\net\java\dev\jna\jna-platform\4.1.0\jna-platform-4.1.0.jar;E:\zidonghua\cangku\org\seleniumhq\selenium\selenium-safari-driver\2.48.2\selenium-safari-driver-2.48.2.jar;E:\zidonghua\cangku\org\seleniumhq\selenium\selenium-support\2.48.2\selenium-support-2.48.2.jar;E:\zidonghua\cangku\org\webbitserver\webbit\0.4.14\webbit-0.4.14.jar;E:\zidonghua\cangku\io\netty\netty\3.5.2.Final\netty-3.5.2.Final.jar;E:\zidonghua\cangku\org\seleniumhq\selenium\selenium-leg-rc\2.48.2\selenium-leg-rc-2.48.2.jar;E:\zidonghua\cangku\org\testng\testng\6.9.10\testng-6.9.10.jar;E:\zidonghua\cangku\com\beust\jcommander\1.48\jcommander-1.48.jar;E:\zidonghua\cangku\org\beanshell\bsh\2.0b4\bsh-2.0b4.jar;E:\zidonghua\cangku\log4j\log4j\1.2.16\log4j-1.2.16.jar;E:\zidonghua\cangku\net\sourceforge\jexcelapi\jxl\2.6.10\jxl-2.6.10.jar;"/>
    <property name="java.specification.name" value="Java Platform API Specification"/>
    <property name="java.class.version" value="52.0"/>
    <property name="sun.management.compiler" value="HotSpot 64-Bit Tiered Compilers"/>
    <property name="os.version" value="10.0"/>
    <property name="user.home" value="C:\Users\Administrator"/>
    <property name="user.timezone" value="Asia/Shanghai"/>
    <property name="java.awt.printerjob" value="sun.awt.windows.WPrinterJob"/>
    <property name="java.specification.version" value="1.8"/>
    <property name="file.encoding" value="GBK"/>
    <property name="user.name" value="Administrator"/>
    <property name="java.class.path" value="E:\zidonghua\escshop\target\test-classes;E:\zidonghua\escshop\target\classes;E:\zidonghua\cangku\org\seleniumhq\selenium\selenium-java\2.48.2\selenium-java-2.48.2.jar;E:\zidonghua\cangku\org\seleniumhq\selenium\selenium-chrome-driver\2.48.2\selenium-chrome-driver-2.48.2.jar;E:\zidonghua\cangku\org\seleniumhq\selenium\selenium-remote-driver\2.48.2\selenium-remote-driver-2.48.2.jar;E:\zidonghua\cangku\cglib\cglib-nodep\2.1_3\cglib-nodep-2.1_3.jar;E:\zidonghua\cangku\com\google\code\gson\gson\2.3.1\gson-2.3.1.jar;E:\zidonghua\cangku\org\seleniumhq\selenium\selenium-api\2.48.2\selenium-api-2.48.2.jar;E:\zidonghua\cangku\com\google\guava\guava\18.0\guava-18.0.jar;E:\zidonghua\cangku\org\seleniumhq\selenium\selenium-edge-driver\2.48.2\selenium-edge-driver-2.48.2.jar;E:\zidonghua\cangku\commons-io\commons-io\2.4\commons-io-2.4.jar;E:\zidonghua\cangku\org\apache\commons\commons-exec\1.3\commons-exec-1.3.jar;E:\zidonghua\cangku\org\seleniumhq\selenium\selenium-htmlunit-driver\2.48.2\selenium-htmlunit-driver-2.48.2.jar;E:\zidonghua\cangku\net\sourceforge\htmlunit\htmlunit\2.18\htmlunit-2.18.jar;E:\zidonghua\cangku\xalan\xalan\2.7.2\xalan-2.7.2.jar;E:\zidonghua\cangku\xalan\serializer\2.7.2\serializer-2.7.2.jar;E:\zidonghua\cangku\commons-collections\commons-collections\3.2.1\commons-collections-3.2.1.jar;E:\zidonghua\cangku\org\apache\commons\commons-lang3\3.4\commons-lang3-3.4.jar;E:\zidonghua\cangku\org\apache\httpcomponents\httpmime\4.5\httpmime-4.5.jar;E:\zidonghua\cangku\commons-codec\commons-codec\1.10\commons-codec-1.10.jar;E:\zidonghua\cangku\net\sourceforge\htmlunit\htmlunit-core-js\2.17\htmlunit-core-js-2.17.jar;E:\zidonghua\cangku\xerces\xercesImpl\2.11.0\xercesImpl-2.11.0.jar;E:\zidonghua\cangku\xml-apis\xml-apis\1.4.01\xml-apis-1.4.01.jar;E:\zidonghua\cangku\net\sourceforge\nekohtml\nekohtml\1.9.22\nekohtml-1.9.22.jar;E:\zidonghua\cangku\net\sourceforge\cssparser\cssparser\0.9.16\cssparser-0.9.16.jar;E:\zidonghua\cangku\org\w3c\css\sac\1.3\sac-1.3.jar;E:\zidonghua\cangku\commons-logging\commons-logging\1.2\commons-logging-1.2.jar;E:\zidonghua\cangku\org\eclipse\jetty\websocket\websocket-client\9.2.12.v20150709\websocket-client-9.2.12.v20150709.jar;E:\zidonghua\cangku\org\eclipse\jetty\jetty-util\9.2.12.v20150709\jetty-util-9.2.12.v20150709.jar;E:\zidonghua\cangku\org\eclipse\jetty\jetty-io\9.2.12.v20150709\jetty-io-9.2.12.v20150709.jar;E:\zidonghua\cangku\org\eclipse\jetty\websocket\websocket-common\9.2.12.v20150709\websocket-common-9.2.12.v20150709.jar;E:\zidonghua\cangku\org\eclipse\jetty\websocket\websocket-api\9.2.12.v20150709\websocket-api-9.2.12.v20150709.jar;E:\zidonghua\cangku\org\apache\httpcomponents\httpclient\4.5.1\httpclient-4.5.1.jar;E:\zidonghua\cangku\org\apache\httpcomponents\httpcore\4.4.3\httpcore-4.4.3.jar;E:\zidonghua\cangku\org\seleniumhq\selenium\selenium-firefox-driver\2.48.2\selenium-firefox-driver-2.48.2.jar;E:\zidonghua\cangku\org\seleniumhq\selenium\selenium-ie-driver\2.48.2\selenium-ie-driver-2.48.2.jar;E:\zidonghua\cangku\net\java\dev\jna\jna\4.1.0\jna-4.1.0.jar;E:\zidonghua\cangku\net\java\dev\jna\jna-platform\4.1.0\jna-platform-4.1.0.jar;E:\zidonghua\cangku\org\seleniumhq\selenium\selenium-safari-driver\2.48.2\selenium-safari-driver-2.48.2.jar;E:\zidonghua\cangku\org\seleniumhq\selenium\selenium-support\2.48.2\selenium-support-2.48.2.jar;E:\zidonghua\cangku\org\webbitserver\webbit\0.4.14\webbit-0.4.14.jar;E:\zidonghua\cangku\io\netty\netty\3.5.2.Final\netty-3.5.2.Final.jar;E:\zidonghua\cangku\org\seleniumhq\selenium\selenium-leg-rc\2.48.2\selenium-leg-rc-2.48.2.jar;E:\zidonghua\cangku\org\testng\testng\6.9.10\testng-6.9.10.jar;E:\zidonghua\cangku\com\beust\jcommander\1.48\jcommander-1.48.jar;E:\zidonghua\cangku\org\beanshell\bsh\2.0b4\bsh-2.0b4.jar;E:\zidonghua\cangku\log4j\log4j\1.2.16\log4j-1.2.16.jar;E:\zidonghua\cangku\net\sourceforge\jexcelapi\jxl\2.6.10\jxl-2.6.10.jar;"/>
    <property name="java.vm.specification.version" value="1.8"/>
    <property name="sun.arch.data.model" value="64"/>
    <property name="java.home" value="C:\Program Files\Java\jdk1.8.0_91\jre"/>
    <property name="sun.java.command" value="C:\Users\Administrator\AppData\Local\Temp\surefirebooter840486353246208086.jar C:\Users\Administrator\AppData\Local\Temp\surefire4495112217238561485tmp C:\Users\Administrator\AppData\Local\Temp\surefire4791511154564389688tmp"/>
    <property name="java.specification.vendor" value="Oracle Corporation"/>
    <property name="user.language" value="zh"/>
    <property name="awt.toolkit" value="sun.awt.windows.WToolkit"/>
    <property name="java.vm.info" value="mixed mode"/>
    <property name="java.version" value="1.8.0_91"/>
    <property name="java.ext.dirs" value="C:\Program Files\Java\jdk1.8.0_91\jre\lib\ext;C:\windows\Sun\Java\lib\ext"/>
    <property name="sun.boot.class.path" value="C:\Program Files\Java\jdk1.8.0_91\jre\lib\resources.jar;C:\Program Files\Java\jdk1.8.0_91\jre\lib\rt.jar;C:\Program Files\Java\jdk1.8.0_91\jre\lib\sunrsasign.jar;C:\Program Files\Java\jdk1.8.0_91\jre\lib\jsse.jar;C:\Program Files\Java\jdk1.8.0_91\jre\lib\jce.jar;C:\Program Files\Java\jdk1.8.0_91\jre\lib\charsets.jar;C:\Program Files\Java\jdk1.8.0_91\jre\lib\jfr.jar;C:\Program Files\Java\jdk1.8.0_91\jre\classes"/>
    <property name="webdriver.chrome.driver" value="E:\zidonghua\chrome&amp;driver\chromedriver.exe"/>
    <property name="java.vendor" value="Oracle Corporation"/>
    <property name="localRepository" value="E:\zidonghua\cangku"/>
    <property name="file.separator" value="\"/>
    <property name="java.vendor.url.bug" value="http://bugreport.sun.com/bugreport/"/>
    <property name="sun.cpu.endian" value="little"/>
    <property name="sun.io.unicode.encoding" value="UnicodeLittle"/>
    <property name="sun.desktop" value="windows"/>
    <property name="sun.cpu.isalist" value="amd64"/>
  </properties>
  <testcase classname="testcase.TestCase_001_login" name="login" time="1.018"/>
  <testcase classname="testcase.TestCase_001_register" name="register" time="29.065"/>
  <testcase classname="testcase.TestCase_001_BuyGoods" name="SpecialOffer" time="11.881"/>
  <testcase classname="testcase.TestCase_002_BuyGoods" name="GSMPhone" time="34.374"/>
  <testcase classname="testcase.TestCase_001_shoppingCart" name="collectShop" time="13.102"/>
  <testcase classname="testcase.TestCase_002_shoppingCart" name="delete2" time="7.944"/>
  <testcase classname="testcase.TestCase_003_shoppingCart" name="delete1" time="5.673"/>
  <testcase classname="testcase.TestCase_004_shoppingCar" name="gengXin" time="5.219"/>
  <testcase classname="testcase.TestCase_001_YouHui" name="youHui" time="10.215"/>
  <testcase classname="testcase.TestCase_001_Integral" name="jiFen" time="9.438"/>
  <testcase classname="testcase.TestCase_001_Message" name="jiFen" time="6.923"/>
  <testcase classname="testcase.TestCase_002_Message" name="youKeLiuYan" time="6.244"/>
  <testcase classname="testcase.TestCase_001_Sou" name="souSuo" time="3.562"/>
  <testcase classname="testcase.TestCase_003_Sou" name="productInfromation" time="0.71"/>
  <testcase classname="testcase.TestCase_002_Sou" name="choiceShopping" time="4.392"/>
  <testcase classname="testcase.TestCase_004_Sou" name="topSouSuo" time="4.727"/>
  <testcase classname="testcase.TestCase_005_Sou" name="listSouSuo" time="4.386"/>
  <testcase classname="testcase.TestCase_001_Comment" name="pingJia" time="5.523"/>
  <testcase classname="testcase.TestCase_002_Comment" name="youKePingJia" time="4.601"/>
  <testcase classname="testcase.TestCase_001_userCenter" name="userCenter" time="3.924"/>
</testsuite>