<?xml version="1.0" encoding="UTF-8"?>
<!-- Generated by org.testng.reporters.JUnitReportReporter -->
<testsuite hostname="3X012J94SY8MH5M" name="testcase.TestCase_001_YouHui" tests="1" failures="0" timestamp="13 Jan 2018 01:31:10 GMT" time="15.733" errors="0">
  <testcase name="youHui" time="15.733" classname="testcase.TestCase_001_YouHui"/>
</testsuite> <!-- testcase.TestCase_001_YouHui -->
