<?xml version="1.0" encoding="UTF-8"?>
<!-- Generated by org.testng.reporters.JUnitReportReporter -->
<testsuite hostname="3X012J94SY8MH5M" name="testcase.TestCase_001_register" tests="1" failures="0" timestamp="13 Jan 2018 01:31:10 GMT" time="34.461" errors="0">
  <testcase name="register" time="34.461" classname="testcase.TestCase_001_register"/>
</testsuite> <!-- testcase.TestCase_001_register -->
