<?xml version="1.0" encoding="UTF-8"?>
<!-- Generated by org.testng.reporters.JUnitReportReporter -->
<testsuite hostname="3X012J94SY8MH5M" name="testcase.TestCase_002_shoppingCart" tests="1" failures="0" timestamp="13 Jan 2018 01:31:10 GMT" time="13.372" errors="0">
  <testcase name="delete2" time="13.372" classname="testcase.TestCase_002_shoppingCart"/>
</testsuite> <!-- testcase.TestCase_002_shoppingCart -->
