<?xml version="1.0" encoding="UTF-8"?>
<!-- Generated by org.testng.reporters.JUnitReportReporter -->
<testsuite hostname="3X012J94SY8MH5M" name="testcase.TestCase_003_shoppingCart" tests="1" failures="0" timestamp="13 Jan 2018 01:31:10 GMT" time="11.189" errors="0">
  <testcase name="delete1" time="11.189" classname="testcase.TestCase_003_shoppingCart"/>
</testsuite> <!-- testcase.TestCase_003_shoppingCart -->
