<?xml version="1.0" encoding="UTF-8"?>
<!-- Generated by org.testng.reporters.JUnitReportReporter -->
<testsuite hostname="3X012J94SY8MH5M" name="testcase.TestCase_002_BuyGoods" tests="1" failures="0" timestamp="13 Jan 2018 01:31:10 GMT" time="39.824" errors="0">
  <testcase name="GSMPhone" time="39.824" classname="testcase.TestCase_002_BuyGoods"/>
</testsuite> <!-- testcase.TestCase_002_BuyGoods -->
