<?xml version="1.0" encoding="UTF-8"?>
<!-- Generated by org.testng.reporters.JUnitReportReporter -->
<testsuite hostname="3X012J94SY8MH5M" name="testcase.TestCase_003_Sou" tests="1" failures="0" timestamp="13 Jan 2018 01:31:10 GMT" time="6.229" errors="0">
  <testcase name="productInfromation" time="6.229" classname="testcase.TestCase_003_Sou"/>
</testsuite> <!-- testcase.TestCase_003_Sou -->
