<?xml version="1.0" encoding="UTF-8"?>
<!-- Generated by org.testng.reporters.JUnitReportReporter -->
<testsuite hostname="3X012J94SY8MH5M" name="testcase.TestCase_002_Sou" tests="1" failures="0" timestamp="13 Jan 2018 01:31:10 GMT" time="9.606" errors="0">
  <testcase name="choiceShopping" time="9.606" classname="testcase.TestCase_002_Sou"/>
</testsuite> <!-- testcase.TestCase_002_Sou -->
