<?xml version="1.0" encoding="UTF-8"?>
<!-- Generated by org.testng.reporters.JUnitReportReporter -->
<testsuite hostname="3X012J94SY8MH5M" name="testcase.TestCase_001_userCenter" tests="1" failures="0" timestamp="13 Jan 2018 01:31:10 GMT" time="8.755" errors="0">
  <testcase name="userCenter" time="8.755" classname="testcase.TestCase_001_userCenter"/>
</testsuite> <!-- testcase.TestCase_001_userCenter -->
