<?xml version="1.0" encoding="UTF-8"?>
<!-- Generated by org.testng.reporters.JUnitReportReporter -->
<testsuite hostname="3X012J94SY8MH5M" name="testcase.TestCase_001_login" tests="1" failures="0" timestamp="13 Jan 2018 01:31:10 GMT" time="7.242" errors="0">
  <testcase name="login" time="7.242" classname="testcase.TestCase_001_login"/>
</testsuite> <!-- testcase.TestCase_001_login -->
